DEBUG 2025-07-20 21:45:53,260 middleware Path being checked: /admin-dashboard/
DEBUG 2025-07-20 21:45:53,260 middleware Tracking visit for path: /admin-dashboard/
DEBUG 2025-07-20 21:45:53,270 middleware Incrementing visit count for 2025-07-21 to 61
DEBUG 2025-07-20 21:45:53,879 middleware Path being checked: /admin-dashboard/
DEBUG 2025-07-20 21:45:53,879 middleware Tracking visit for path: /admin-dashboard/
DEBUG 2025-07-20 21:45:53,889 middleware Incrementing visit count for 2025-07-21 to 62
DEBUG 2025-07-20 21:45:54,080 middleware Path being checked: /admin-dashboard/
DEBUG 2025-07-20 21:45:54,081 middleware Tracking visit for path: /admin-dashboard/
DEBUG 2025-07-20 21:45:54,093 middleware Incrementing visit count for 2025-07-21 to 63
DEBUG 2025-07-20 21:45:54,443 middleware Path being checked: /admin-dashboard/
DEBUG 2025-07-20 21:45:54,444 middleware Tracking visit for path: /admin-dashboard/
DEBUG 2025-07-20 21:45:54,461 middleware Incrementing visit count for 2025-07-21 to 64
DEBUG 2025-07-20 21:45:54,612 middleware Path being checked: /admin-dashboard/
DEBUG 2025-07-20 21:45:54,613 middleware Tracking visit for path: /admin-dashboard/
DEBUG 2025-07-20 21:45:54,628 middleware Incrementing visit count for 2025-07-21 to 65
DEBUG 2025-07-20 21:46:04,237 middleware Path being checked: /dashboard/
DEBUG 2025-07-20 21:46:04,237 middleware Tracking visit for path: /dashboard/
DEBUG 2025-07-20 21:46:04,249 middleware Incrementing visit count for 2025-07-21 to 66
DEBUG 2025-07-20 21:46:04,846 middleware Path being checked: /dashboard/
DEBUG 2025-07-20 21:46:04,847 middleware Tracking visit for path: /dashboard/
DEBUG 2025-07-20 21:46:04,861 middleware Incrementing visit count for 2025-07-21 to 67
DEBUG 2025-07-20 21:46:05,071 middleware Path being checked: /dashboard/
DEBUG 2025-07-20 21:46:05,071 middleware Tracking visit for path: /dashboard/
DEBUG 2025-07-20 21:46:05,087 middleware Incrementing visit count for 2025-07-21 to 68
DEBUG 2025-07-20 21:46:05,236 middleware Path being checked: /dashboard/
DEBUG 2025-07-20 21:46:05,237 middleware Tracking visit for path: /dashboard/
DEBUG 2025-07-20 21:46:05,251 middleware Incrementing visit count for 2025-07-21 to 69
DEBUG 2025-07-20 21:46:06,999 middleware Path being checked: /dashboard/
DEBUG 2025-07-20 21:46:06,999 middleware Tracking visit for path: /dashboard/
DEBUG 2025-07-20 21:46:07,016 middleware Incrementing visit count for 2025-07-21 to 70
DEBUG 2025-07-20 21:46:07,506 middleware Path being checked: /dashboard/
DEBUG 2025-07-20 21:46:07,506 middleware Tracking visit for path: /dashboard/
DEBUG 2025-07-20 21:46:07,525 middleware Incrementing visit count for 2025-07-21 to 71
DEBUG 2025-07-20 21:46:08,077 middleware Path being checked: /dashboard/
DEBUG 2025-07-20 21:46:08,078 middleware Tracking visit for path: /dashboard/
DEBUG 2025-07-20 21:46:08,099 middleware Incrementing visit count for 2025-07-21 to 72
DEBUG 2025-07-20 21:46:09,398 middleware Path being checked: /history/
DEBUG 2025-07-20 21:46:09,399 middleware Tracking visit for path: /history/
DEBUG 2025-07-20 21:46:09,421 middleware Incrementing visit count for 2025-07-21 to 73
DEBUG 2025-07-20 21:46:16,921 middleware VisitLogMiddleware initialized
DEBUG 2025-07-20 21:46:29,126 middleware Processing request for path: /admin-dashboard/
DEBUG 2025-07-20 21:46:29,127 middleware Skipping tracking for excluded path: /admin-dashboard/
DEBUG 2025-07-20 21:46:29,855 middleware Processing request for path: /admin-dashboard/
DEBUG 2025-07-20 21:46:29,856 middleware Skipping tracking for excluded path: /admin-dashboard/
DEBUG 2025-07-20 21:46:30,373 middleware Processing request for path: /admin-dashboard/
DEBUG 2025-07-20 21:46:30,373 middleware Skipping tracking for excluded path: /admin-dashboard/
DEBUG 2025-07-20 21:46:30,654 middleware Processing request for path: /admin-dashboard/
DEBUG 2025-07-20 21:46:30,655 middleware Skipping tracking for excluded path: /admin-dashboard/
DEBUG 2025-07-20 21:46:30,877 middleware Processing request for path: /admin-dashboard/
DEBUG 2025-07-20 21:46:30,878 middleware Skipping tracking for excluded path: /admin-dashboard/
DEBUG 2025-07-20 21:46:31,070 middleware Processing request for path: /admin-dashboard/
DEBUG 2025-07-20 21:46:31,071 middleware Skipping tracking for excluded path: /admin-dashboard/
DEBUG 2025-07-20 21:46:31,262 middleware Processing request for path: /admin-dashboard/
DEBUG 2025-07-20 21:46:31,263 middleware Skipping tracking for excluded path: /admin-dashboard/
DEBUG 2025-07-20 21:46:31,451 middleware Processing request for path: /admin-dashboard/
DEBUG 2025-07-20 21:46:31,452 middleware Skipping tracking for excluded path: /admin-dashboard/
DEBUG 2025-07-20 21:46:31,920 middleware Processing request for path: /admin-dashboard/
DEBUG 2025-07-20 21:46:31,921 middleware Skipping tracking for excluded path: /admin-dashboard/
DEBUG 2025-07-20 21:46:32,529 middleware Processing request for path: /admin-dashboard/
DEBUG 2025-07-20 21:46:32,530 middleware Skipping tracking for excluded path: /admin-dashboard/
DEBUG 2025-07-20 21:47:26,553 middleware Processing request for path: /admin-dashboard/
DEBUG 2025-07-20 21:47:26,554 middleware Skipping tracking for excluded path: /admin-dashboard/
DEBUG 2025-07-20 21:47:27,135 middleware Processing request for path: /admin-dashboard/
DEBUG 2025-07-20 21:47:27,135 middleware Skipping tracking for excluded path: /admin-dashboard/
DEBUG 2025-07-20 21:47:27,309 middleware Processing request for path: /admin-dashboard/
DEBUG 2025-07-20 21:47:27,309 middleware Skipping tracking for excluded path: /admin-dashboard/
DEBUG 2025-07-20 21:47:27,494 middleware Processing request for path: /admin-dashboard/
DEBUG 2025-07-20 21:47:27,495 middleware Skipping tracking for excluded path: /admin-dashboard/
DEBUG 2025-07-20 21:47:29,558 middleware Processing request for path: /dashboard/
DEBUG 2025-07-20 21:47:29,603 middleware Time spent on /dashboard/: 0.04 seconds
DEBUG 2025-07-20 21:47:29,604 middleware Logging visit for authenticated user: anisa2205
DEBUG 2025-07-20 21:47:29,630 middleware Incrementing visit count for 2025-07-21 to 1
DEBUG 2025-07-20 21:47:31,010 middleware Processing request for path: /admin-dashboard/
DEBUG 2025-07-20 21:47:31,011 middleware Skipping tracking for excluded path: /admin-dashboard/
DEBUG 2025-07-20 21:47:39,699 middleware Processing request for path: /dashboard/
DEBUG 2025-07-20 21:47:39,743 middleware Time spent on /dashboard/: 0.04 seconds
DEBUG 2025-07-20 21:47:39,744 middleware Logging visit for authenticated user: anisa2205
DEBUG 2025-07-20 21:47:39,764 middleware Incrementing visit count for 2025-07-21 to 2
DEBUG 2025-07-20 21:47:41,076 middleware Processing request for path: /admin-dashboard/
DEBUG 2025-07-20 21:47:41,077 middleware Skipping tracking for excluded path: /admin-dashboard/
DEBUG 2025-07-20 21:47:47,517 middleware Processing request for path: /dashboard/
DEBUG 2025-07-20 21:47:47,564 middleware Time spent on /dashboard/: 0.05 seconds
DEBUG 2025-07-20 21:47:47,566 middleware Logging visit for authenticated user: anisa2205
DEBUG 2025-07-20 21:47:47,590 middleware Incrementing visit count for 2025-07-21 to 3
DEBUG 2025-07-20 21:47:49,134 middleware Processing request for path: /admin-dashboard/
DEBUG 2025-07-20 21:47:49,134 middleware Skipping tracking for excluded path: /admin-dashboard/
DEBUG 2025-07-20 21:47:49,708 middleware Processing request for path: /admin-dashboard/
DEBUG 2025-07-20 21:47:49,709 middleware Skipping tracking for excluded path: /admin-dashboard/
DEBUG 2025-07-20 21:47:50,167 middleware Processing request for path: /admin-dashboard/
DEBUG 2025-07-20 21:47:50,168 middleware Skipping tracking for excluded path: /admin-dashboard/
DEBUG 2025-07-20 21:47:50,591 middleware Processing request for path: /admin-dashboard/
DEBUG 2025-07-20 21:47:50,592 middleware Skipping tracking for excluded path: /admin-dashboard/
DEBUG 2025-07-20 21:48:25,941 middleware Processing request for path: /admin-dashboard/
DEBUG 2025-07-20 21:48:25,942 middleware Skipping tracking for excluded path: /admin-dashboard/
DEBUG 2025-07-20 21:48:33,286 middleware Processing request for path: /logout/
DEBUG 2025-07-20 21:48:33,326 middleware Time spent on /logout/: 0.04 seconds
DEBUG 2025-07-20 21:48:33,329 middleware Logging visit for authenticated user: anisa2205
DEBUG 2025-07-20 21:48:33,352 middleware Incrementing visit count for 2025-07-21 to 4
DEBUG 2025-07-20 21:48:34,645 middleware Processing request for path: /login/
DEBUG 2025-07-20 21:48:34,674 middleware Time spent on /login/: 0.03 seconds
DEBUG 2025-07-20 21:48:34,688 middleware Incrementing visit count for 2025-07-21 to 5
DEBUG 2025-07-20 21:48:41,193 middleware Processing request for path: /login/
DEBUG 2025-07-20 21:48:41,905 middleware Time spent on /login/: 0.71 seconds
DEBUG 2025-07-20 21:48:41,907 middleware Incrementing visit count for 2025-07-21 to 6
DEBUG 2025-07-20 21:49:26,709 middleware Processing request for path: /login/
DEBUG 2025-07-20 21:49:27,466 middleware Time spent on /login/: 0.76 seconds
DEBUG 2025-07-20 21:49:27,467 middleware Logging visit for authenticated user: sampleuser
DEBUG 2025-07-20 21:49:27,476 middleware Incrementing visit count for 2025-07-21 to 7
DEBUG 2025-07-20 21:49:27,499 middleware Processing request for path: /
DEBUG 2025-07-20 21:49:27,518 middleware Time spent on /: 0.02 seconds
DEBUG 2025-07-20 21:49:27,518 middleware Logging visit for authenticated user: sampleuser
DEBUG 2025-07-20 21:49:27,531 middleware Incrementing visit count for 2025-07-21 to 8
DEBUG 2025-07-20 21:49:27,646 middleware Processing request for path: /media/diy/2025/07/20/OIP.jpeg
DEBUG 2025-07-20 21:49:27,648 middleware Skipping tracking for excluded path: /media/diy/2025/07/20/OIP.jpeg
DEBUG 2025-07-20 21:49:34,854 middleware Processing request for path: /admin-dashboard/
DEBUG 2025-07-20 21:49:34,855 middleware Skipping tracking for excluded path: /admin-dashboard/
DEBUG 2025-07-20 21:50:02,901 middleware Processing request for path: /admin-dashboard/
DEBUG 2025-07-20 21:50:02,901 middleware Skipping tracking for excluded path: /admin-dashboard/
DEBUG 2025-07-20 21:50:28,534 middleware VisitLogMiddleware initialized
DEBUG 2025-07-20 21:51:07,377 middleware Processing request for path: /admin-dashboard/
DEBUG 2025-07-20 21:51:07,378 middleware Skipping tracking for excluded path: /admin-dashboard/
DEBUG 2025-07-20 21:51:08,613 middleware Processing request for path: /admin-dashboard/
DEBUG 2025-07-20 21:51:08,614 middleware Skipping tracking for excluded path: /admin-dashboard/
DEBUG 2025-07-20 21:51:12,226 middleware Processing request for path: /
DEBUG 2025-07-20 21:51:12,270 middleware Time spent on /: 0.04 seconds
DEBUG 2025-07-20 21:51:12,271 middleware Logging visit for authenticated user: sampleuser
DEBUG 2025-07-20 21:51:12,298 middleware Incrementing visit count for 2025-07-21 to 9
DEBUG 2025-07-20 21:51:12,299 middleware Incrementing unique visitors to 1 for user_8
DEBUG 2025-07-20 21:51:13,813 middleware Processing request for path: /admin-dashboard/
DEBUG 2025-07-20 21:51:13,814 middleware Skipping tracking for excluded path: /admin-dashboard/
DEBUG 2025-07-20 21:51:21,593 middleware VisitLogMiddleware initialized
DEBUG 2025-07-20 21:51:42,536 middleware Processing request for path: /admin-dashboard/
DEBUG 2025-07-20 21:51:42,536 middleware Skipping tracking for excluded path: /admin-dashboard/
DEBUG 2025-07-20 21:55:12,476 middleware VisitLogMiddleware initialized
DEBUG 2025-07-20 21:55:13,129 middleware Processing request for path: /admin-dashboard/
DEBUG 2025-07-20 21:55:13,130 middleware Skipping tracking for excluded path: /admin-dashboard/
DEBUG 2025-07-20 21:55:18,660 middleware Processing request for path: /admin-dashboard/
DEBUG 2025-07-20 21:55:18,661 middleware Skipping tracking for excluded path: /admin-dashboard/
DEBUG 2025-07-20 21:55:27,338 middleware Processing request for path: /history/
DEBUG 2025-07-20 21:55:27,369 middleware Time spent on /history/: 0.03 seconds
DEBUG 2025-07-20 21:55:27,371 middleware Logging visit for authenticated user: admin
DEBUG 2025-07-20 21:55:27,400 middleware Incrementing visit count for 2025-07-21 to 10
DEBUG 2025-07-20 21:55:27,402 middleware Incrementing unique visitors to 2 for user_1
DEBUG 2025-07-20 21:55:29,782 middleware Processing request for path: /
DEBUG 2025-07-20 21:55:29,848 middleware Time spent on /: 0.07 seconds
DEBUG 2025-07-20 21:55:29,850 middleware Logging visit for authenticated user: admin
DEBUG 2025-07-20 21:55:29,872 middleware Incrementing visit count for 2025-07-21 to 11
DEBUG 2025-07-20 21:55:29,938 middleware Processing request for path: /media/diy/2025/07/20/OIP.jpeg
DEBUG 2025-07-20 21:55:29,941 middleware Skipping tracking for excluded path: /media/diy/2025/07/20/OIP.jpeg
DEBUG 2025-07-20 21:55:33,163 middleware Processing request for path: /admin-dashboard/
DEBUG 2025-07-20 21:55:33,167 middleware Skipping tracking for excluded path: /admin-dashboard/
DEBUG 2025-07-20 21:55:40,095 middleware Processing request for path: /
DEBUG 2025-07-20 21:55:40,133 middleware Time spent on /: 0.04 seconds
DEBUG 2025-07-20 21:55:40,135 middleware Logging visit for authenticated user: sampleuser
DEBUG 2025-07-20 21:55:40,161 middleware Incrementing visit count for 2025-07-21 to 12
DEBUG 2025-07-20 21:55:40,248 middleware Processing request for path: /media/diy/2025/07/20/OIP.jpeg
DEBUG 2025-07-20 21:55:40,249 middleware Skipping tracking for excluded path: /media/diy/2025/07/20/OIP.jpeg
DEBUG 2025-07-20 21:55:42,019 middleware Processing request for path: /admin-dashboard/
DEBUG 2025-07-20 21:55:42,020 middleware Skipping tracking for excluded path: /admin-dashboard/
DEBUG 2025-07-20 21:55:48,147 middleware Processing request for path: /history/
DEBUG 2025-07-20 21:55:48,179 middleware Time spent on /history/: 0.03 seconds
DEBUG 2025-07-20 21:55:48,181 middleware Logging visit for authenticated user: admin
DEBUG 2025-07-20 21:55:48,207 middleware Incrementing visit count for 2025-07-21 to 13
DEBUG 2025-07-20 21:56:01,812 middleware Processing request for path: /history/
DEBUG 2025-07-20 21:56:01,826 middleware Time spent on /history/: 0.01 seconds
DEBUG 2025-07-20 21:56:01,827 middleware Logging visit for authenticated user: admin
DEBUG 2025-07-20 21:56:01,846 middleware Incrementing visit count for 2025-07-21 to 14
DEBUG 2025-07-20 21:56:04,427 middleware Processing request for path: /admin-dashboard/
DEBUG 2025-07-20 21:56:04,428 middleware Skipping tracking for excluded path: /admin-dashboard/
DEBUG 2025-07-20 21:56:44,118 middleware Processing request for path: /admin/greenapp/sitevisitstats/
DEBUG 2025-07-20 21:56:44,118 middleware Skipping tracking for excluded path: /admin/greenapp/sitevisitstats/
DEBUG 2025-07-20 21:57:40,045 middleware Processing request for path: /dashboard/
DEBUG 2025-07-20 21:57:40,096 middleware Time spent on /dashboard/: 0.05 seconds
DEBUG 2025-07-20 21:57:40,098 middleware Logging visit for authenticated user: admin
DEBUG 2025-07-20 21:57:40,121 middleware Incrementing visit count for 2025-07-21 to 15
DEBUG 2025-07-20 21:57:42,957 middleware Processing request for path: /admin-dashboard/
DEBUG 2025-07-20 21:57:42,958 middleware Skipping tracking for excluded path: /admin-dashboard/
DEBUG 2025-07-20 21:57:44,795 middleware Processing request for path: /dashboard/
DEBUG 2025-07-20 21:57:44,843 middleware Time spent on /dashboard/: 0.05 seconds
DEBUG 2025-07-20 21:57:44,844 middleware Logging visit for authenticated user: admin
DEBUG 2025-07-20 21:57:44,868 middleware Incrementing visit count for 2025-07-21 to 16
DEBUG 2025-07-20 21:57:46,645 middleware Processing request for path: /admin-dashboard/
DEBUG 2025-07-20 21:57:46,646 middleware Skipping tracking for excluded path: /admin-dashboard/
DEBUG 2025-07-20 21:58:00,492 middleware Processing request for path: /admin-dashboard/
DEBUG 2025-07-20 21:58:00,493 middleware Skipping tracking for excluded path: /admin-dashboard/
DEBUG 2025-07-20 21:58:16,323 middleware Processing request for path: /admin-dashboard/
DEBUG 2025-07-20 21:58:16,325 middleware Skipping tracking for excluded path: /admin-dashboard/
DEBUG 2025-07-20 21:58:17,236 middleware Processing request for path: /admin-dashboard/
DEBUG 2025-07-20 21:58:17,236 middleware Skipping tracking for excluded path: /admin-dashboard/
DEBUG 2025-07-20 21:58:24,966 middleware Processing request for path: /admin-dashboard/
DEBUG 2025-07-20 21:58:24,977 middleware Skipping tracking for excluded path: /admin-dashboard/
DEBUG 2025-07-20 21:58:25,850 middleware Processing request for path: /admin-dashboard/
DEBUG 2025-07-20 21:58:25,851 middleware Skipping tracking for excluded path: /admin-dashboard/
DEBUG 2025-07-20 21:58:26,069 middleware Processing request for path: /admin-dashboard/
DEBUG 2025-07-20 21:58:26,071 middleware Skipping tracking for excluded path: /admin-dashboard/
DEBUG 2025-07-20 21:58:26,225 middleware Processing request for path: /admin-dashboard/
DEBUG 2025-07-20 21:58:26,225 middleware Skipping tracking for excluded path: /admin-dashboard/
DEBUG 2025-07-20 21:58:44,539 middleware VisitLogMiddleware initialized
DEBUG 2025-07-20 21:59:13,773 middleware VisitLogMiddleware initialized
DEBUG 2025-07-20 21:59:16,006 middleware Processing request for path: /admin-dashboard/
DEBUG 2025-07-20 21:59:16,007 middleware Skipping tracking for excluded path: /admin-dashboard/
DEBUG 2025-07-20 21:59:16,908 middleware Processing request for path: /admin-dashboard/
DEBUG 2025-07-20 21:59:16,909 middleware Skipping tracking for excluded path: /admin-dashboard/
DEBUG 2025-07-20 21:59:20,224 middleware Processing request for path: /admin-dashboard/
DEBUG 2025-07-20 21:59:20,225 middleware Skipping tracking for excluded path: /admin-dashboard/
DEBUG 2025-07-20 21:59:29,372 middleware VisitLogMiddleware initialized
DEBUG 2025-07-20 21:59:30,853 middleware Processing request for path: /admin-dashboard/
DEBUG 2025-07-20 21:59:30,854 middleware Skipping tracking for excluded path: /admin-dashboard/
DEBUG 2025-07-20 21:59:36,015 middleware Processing request for path: /admin-dashboard/
DEBUG 2025-07-20 21:59:36,016 middleware Skipping tracking for excluded path: /admin-dashboard/
DEBUG 2025-07-20 21:59:39,893 middleware Processing request for path: /dashboard/
DEBUG 2025-07-20 21:59:39,929 middleware Time spent on /dashboard/: 0.04 seconds
DEBUG 2025-07-20 21:59:39,930 middleware Logging visit for authenticated user: admin
DEBUG 2025-07-20 21:59:39,947 middleware Incrementing visit count for 2025-07-21 to 17
DEBUG 2025-07-20 21:59:45,363 middleware VisitLogMiddleware initialized
DEBUG 2025-07-20 21:59:49,909 middleware Processing request for path: /admin-dashboard/
DEBUG 2025-07-20 21:59:49,910 middleware Skipping tracking for excluded path: /admin-dashboard/
DEBUG 2025-07-20 21:59:56,058 middleware Processing request for path: /admin-dashboard/
DEBUG 2025-07-20 21:59:56,059 middleware Skipping tracking for excluded path: /admin-dashboard/
DEBUG 2025-07-20 22:00:03,153 middleware Processing request for path: /admin/analytics/
DEBUG 2025-07-20 22:00:03,154 middleware Skipping tracking for excluded path: /admin/analytics/
DEBUG 2025-07-20 22:00:10,823 middleware Processing request for path: /admin/analytics/
DEBUG 2025-07-20 22:00:10,824 middleware Skipping tracking for excluded path: /admin/analytics/
DEBUG 2025-07-20 22:00:49,998 middleware Processing request for path: /
DEBUG 2025-07-20 22:00:50,055 middleware Time spent on /: 0.06 seconds
DEBUG 2025-07-20 22:00:50,061 middleware Incrementing visit count for 2025-07-21 to 18
DEBUG 2025-07-20 22:00:50,062 middleware Incrementing unique visitors to 3 for ip_127.0.0.1
DEBUG 2025-07-20 22:00:50,240 middleware Processing request for path: /media/products/2025/07/16/solar-phone-charger.jpg
DEBUG 2025-07-20 22:00:50,243 middleware Processing request for path: /media/products/2025/07/16/led-light-bulbs-4-pack.jpg
DEBUG 2025-07-20 22:00:50,244 middleware Skipping tracking for excluded path: /media/products/2025/07/16/solar-phone-charger.jpg
DEBUG 2025-07-20 22:00:50,244 middleware Skipping tracking for excluded path: /media/products/2025/07/16/led-light-bulbs-4-pack.jpg
DEBUG 2025-07-20 22:00:50,692 middleware Processing request for path: /media/products/2025/07/16/solar-garden-lights.jpg
DEBUG 2025-07-20 22:00:50,692 middleware Skipping tracking for excluded path: /media/products/2025/07/16/solar-garden-lights.jpg
DEBUG 2025-07-20 22:00:50,701 middleware Processing request for path: /media/products/2025/07/16/organic-seeds-pack.jpg
DEBUG 2025-07-20 22:00:50,704 middleware Processing request for path: /media/products/2025/07/16/rain-barrel.jpg
DEBUG 2025-07-20 22:00:50,704 middleware Skipping tracking for excluded path: /media/products/2025/07/16/organic-seeds-pack.jpg
DEBUG 2025-07-20 22:00:50,706 middleware Processing request for path: /media/products/2025/07/16/compost-bin.jpg
DEBUG 2025-07-20 22:00:50,708 middleware Processing request for path: /media/diy/2025/07/20/OIP.jpeg
DEBUG 2025-07-20 22:00:50,710 middleware Skipping tracking for excluded path: /media/products/2025/07/16/rain-barrel.jpg
DEBUG 2025-07-20 22:00:50,716 middleware Processing request for path: /media/diy/2025/07/16/diy-solar-water-heater.jpg
DEBUG 2025-07-20 22:00:50,718 middleware Processing request for path: /media/diy/2025/07/16/upcycled-t-shirt-tote-bag.jpg
DEBUG 2025-07-20 22:00:50,718 middleware Skipping tracking for excluded path: /media/products/2025/07/16/compost-bin.jpg
DEBUG 2025-07-20 22:00:50,720 middleware Skipping tracking for excluded path: /media/diy/2025/07/20/OIP.jpeg
DEBUG 2025-07-20 22:00:50,724 middleware Skipping tracking for excluded path: /media/diy/2025/07/16/diy-solar-water-heater.jpg
DEBUG 2025-07-20 22:00:50,726 middleware Skipping tracking for excluded path: /media/diy/2025/07/16/upcycled-t-shirt-tote-bag.jpg
DEBUG 2025-07-20 22:00:51,204 middleware Processing request for path: /favicon.ico
DEBUG 2025-07-20 22:00:51,207 middleware Skipping tracking for excluded path: /favicon.ico
DEBUG 2025-07-20 22:00:53,557 middleware Processing request for path: /admin-dashboard/
DEBUG 2025-07-20 22:00:53,558 middleware Skipping tracking for excluded path: /admin-dashboard/
DEBUG 2025-07-20 22:01:04,888 middleware Processing request for path: /admin/analytics/
DEBUG 2025-07-20 22:01:04,889 middleware Skipping tracking for excluded path: /admin/analytics/
DEBUG 2025-07-20 22:01:35,058 middleware VisitLogMiddleware initialized
DEBUG 2025-07-20 22:01:55,032 middleware Processing request for path: /admin-dashboard/
DEBUG 2025-07-20 22:01:55,033 middleware Skipping tracking for excluded path: /admin-dashboard/
DEBUG 2025-07-20 22:01:57,321 middleware Processing request for path: /analytics/
DEBUG 2025-07-20 22:01:57,392 middleware Time spent on /analytics/: 0.07 seconds
DEBUG 2025-07-20 22:01:57,393 middleware Logging visit for authenticated user: admin
DEBUG 2025-07-20 22:01:57,406 middleware Incrementing visit count for 2025-07-21 to 19
DEBUG 2025-07-20 22:02:12,393 middleware VisitLogMiddleware initialized
DEBUG 2025-07-20 22:02:14,531 middleware Processing request for path: /admin-dashboard/
DEBUG 2025-07-20 22:02:14,532 middleware Skipping tracking for excluded path: /admin-dashboard/
DEBUG 2025-07-20 22:02:33,354 middleware Processing request for path: /admin-dashboard/
DEBUG 2025-07-20 22:02:33,355 middleware Skipping tracking for excluded path: /admin-dashboard/
DEBUG 2025-07-20 22:02:45,057 middleware Processing request for path: /admin-dashboard/
DEBUG 2025-07-20 22:02:45,058 middleware Skipping tracking for excluded path: /admin-dashboard/
DEBUG 2025-07-20 22:02:47,336 middleware VisitLogMiddleware initialized
DEBUG 2025-07-20 22:03:00,158 middleware Processing request for path: /admin-dashboard/
DEBUG 2025-07-20 22:03:00,159 middleware Skipping tracking for excluded path: /admin-dashboard/
DEBUG 2025-07-20 22:03:05,736 middleware Processing request for path: /
DEBUG 2025-07-20 22:03:05,775 middleware Time spent on /: 0.04 seconds
DEBUG 2025-07-20 22:03:05,778 middleware Incrementing visit count for 2025-07-21 to 20
DEBUG 2025-07-20 22:03:08,153 middleware Processing request for path: /admin-dashboard/
DEBUG 2025-07-20 22:03:08,153 middleware Skipping tracking for excluded path: /admin-dashboard/
DEBUG 2025-07-20 22:03:22,497 middleware Processing request for path: /admin-dashboard/
DEBUG 2025-07-20 22:03:22,498 middleware Skipping tracking for excluded path: /admin-dashboard/
DEBUG 2025-07-20 22:03:36,672 middleware Processing request for path: /analytics/
DEBUG 2025-07-20 22:03:36,764 middleware Time spent on /analytics/: 0.09 seconds
DEBUG 2025-07-20 22:03:36,765 middleware Logging visit for authenticated user: admin
DEBUG 2025-07-20 22:03:36,778 middleware Incrementing visit count for 2025-07-21 to 21
DEBUG 2025-07-20 22:03:53,288 middleware VisitLogMiddleware initialized
DEBUG 2025-07-20 22:04:02,163 middleware Processing request for path: /admin-dashboard/
DEBUG 2025-07-20 22:04:02,164 middleware Skipping tracking for excluded path: /admin-dashboard/
DEBUG 2025-07-20 22:04:02,913 middleware Processing request for path: /admin-dashboard/
DEBUG 2025-07-20 22:04:02,913 middleware Skipping tracking for excluded path: /admin-dashboard/
DEBUG 2025-07-20 22:08:45,260 middleware Processing request for path: /admin-dashboard/
DEBUG 2025-07-20 22:08:45,260 middleware Skipping tracking for excluded path: /admin-dashboard/
DEBUG 2025-07-20 22:08:46,531 middleware Processing request for path: /admin-dashboard/
DEBUG 2025-07-20 22:08:46,531 middleware Skipping tracking for excluded path: /admin-dashboard/
DEBUG 2025-07-20 22:08:49,878 middleware Processing request for path: /admin-dashboard/
DEBUG 2025-07-20 22:08:49,879 middleware Skipping tracking for excluded path: /admin-dashboard/
DEBUG 2025-07-20 22:09:06,182 middleware Processing request for path: /analytics/
DEBUG 2025-07-20 22:09:06,237 middleware Time spent on /analytics/: 0.05 seconds
DEBUG 2025-07-20 22:09:06,237 middleware Logging visit for authenticated user: admin
DEBUG 2025-07-20 22:09:06,247 middleware Incrementing visit count for 2025-07-21 to 22
DEBUG 2025-07-20 22:09:27,740 middleware Processing request for path: /admin-dashboard/
DEBUG 2025-07-20 22:09:27,741 middleware Skipping tracking for excluded path: /admin-dashboard/
DEBUG 2025-07-20 22:09:30,077 middleware Processing request for path: /admin-dashboard/
DEBUG 2025-07-20 22:09:30,077 middleware Skipping tracking for excluded path: /admin-dashboard/
DEBUG 2025-07-20 22:09:30,640 middleware Processing request for path: /admin-dashboard/
DEBUG 2025-07-20 22:09:30,640 middleware Skipping tracking for excluded path: /admin-dashboard/
DEBUG 2025-07-20 22:09:30,827 middleware Processing request for path: /admin-dashboard/
DEBUG 2025-07-20 22:09:30,828 middleware Skipping tracking for excluded path: /admin-dashboard/
DEBUG 2025-07-22 15:31:56,560 middleware VisitLogMiddleware initialized
DEBUG 2025-07-22 15:31:58,848 middleware Processing request for path: /
DEBUG 2025-07-22 15:31:58,985 middleware Time spent on /: 0.14 seconds
DEBUG 2025-07-22 15:31:58,986 middleware Logging visit for authenticated user: sampleuser
DEBUG 2025-07-22 15:31:59,004 middleware Incrementing visit count for 2025-07-22 to 1
DEBUG 2025-07-22 15:31:59,005 middleware Incrementing unique visitors to 1 for user_8
DEBUG 2025-07-22 15:31:59,123 middleware Processing request for path: /media/products/2025/07/16/solar-garden-lights.jpg
DEBUG 2025-07-22 15:31:59,123 middleware Skipping tracking for excluded path: /media/products/2025/07/16/solar-garden-lights.jpg
DEBUG 2025-07-22 15:31:59,125 middleware Processing request for path: /media/products/2025/07/16/organic-seeds-pack.jpg
DEBUG 2025-07-22 15:31:59,127 middleware Skipping tracking for excluded path: /media/products/2025/07/16/organic-seeds-pack.jpg
DEBUG 2025-07-22 15:31:59,128 middleware Processing request for path: /media/products/2025/07/16/solar-phone-charger.jpg
DEBUG 2025-07-22 15:31:59,129 middleware Processing request for path: /media/products/2025/07/16/led-light-bulbs-4-pack.jpg
DEBUG 2025-07-22 15:31:59,130 middleware Processing request for path: /media/products/2025/07/16/rain-barrel.jpg
DEBUG 2025-07-22 15:31:59,132 middleware Processing request for path: /media/products/2025/07/16/compost-bin.jpg
DEBUG 2025-07-22 15:31:59,133 middleware Skipping tracking for excluded path: /media/products/2025/07/16/solar-phone-charger.jpg
DEBUG 2025-07-22 15:31:59,134 middleware Skipping tracking for excluded path: /media/products/2025/07/16/led-light-bulbs-4-pack.jpg
DEBUG 2025-07-22 15:31:59,135 middleware Skipping tracking for excluded path: /media/products/2025/07/16/rain-barrel.jpg
DEBUG 2025-07-22 15:31:59,135 middleware Skipping tracking for excluded path: /media/products/2025/07/16/compost-bin.jpg
DEBUG 2025-07-22 15:31:59,139 middleware Processing request for path: /media/diy/2025/07/20/OIP.jpeg
DEBUG 2025-07-22 15:31:59,143 middleware Processing request for path: /media/diy/2025/07/16/diy-solar-water-heater.jpg
DEBUG 2025-07-22 15:31:59,143 middleware Skipping tracking for excluded path: /media/diy/2025/07/20/OIP.jpeg
DEBUG 2025-07-22 15:31:59,144 middleware Skipping tracking for excluded path: /media/diy/2025/07/16/diy-solar-water-heater.jpg
DEBUG 2025-07-22 15:31:59,149 middleware Processing request for path: /media/diy/2025/07/16/upcycled-t-shirt-tote-bag.jpg
DEBUG 2025-07-22 15:31:59,150 middleware Skipping tracking for excluded path: /media/diy/2025/07/16/upcycled-t-shirt-tote-bag.jpg
DEBUG 2025-07-22 15:31:59,271 middleware Processing request for path: /favicon.ico
DEBUG 2025-07-22 15:31:59,272 middleware Skipping tracking for excluded path: /favicon.ico
DEBUG 2025-07-22 15:33:00,411 middleware Processing request for path: /diy/
DEBUG 2025-07-22 15:33:00,605 middleware Time spent on /diy/: 0.19 seconds
DEBUG 2025-07-22 15:33:00,606 middleware Logging visit for authenticated user: sampleuser
DEBUG 2025-07-22 15:33:00,621 middleware Incrementing visit count for 2025-07-22 to 2
DEBUG 2025-07-22 15:33:00,710 middleware Processing request for path: /media/diy/2025/07/16/diy-beeswax-wraps.jpg
DEBUG 2025-07-22 15:33:00,711 middleware Processing request for path: /media/diy/2025/07/16/homemade-all-purpose-cleaner.jpg
DEBUG 2025-07-22 15:33:00,713 middleware Processing request for path: /media/diy/2025/07/16/mason-jar-herb-garden.jpg
DEBUG 2025-07-22 15:33:00,714 middleware Skipping tracking for excluded path: /media/diy/2025/07/16/diy-beeswax-wraps.jpg
DEBUG 2025-07-22 15:33:00,714 middleware Skipping tracking for excluded path: /media/diy/2025/07/16/homemade-all-purpose-cleaner.jpg
DEBUG 2025-07-22 15:33:00,715 middleware Skipping tracking for excluded path: /media/diy/2025/07/16/mason-jar-herb-garden.jpg
DEBUG 2025-07-22 15:33:14,790 middleware Processing request for path: /resources/
DEBUG 2025-07-22 15:33:14,882 middleware Time spent on /resources/: 0.09 seconds
DEBUG 2025-07-22 15:33:14,883 middleware Logging visit for authenticated user: sampleuser
DEBUG 2025-07-22 15:33:14,912 middleware Incrementing visit count for 2025-07-22 to 3
DEBUG 2025-07-22 15:33:54,659 middleware Processing request for path: /dashboard/
DEBUG 2025-07-22 15:33:54,739 middleware Time spent on /dashboard/: 0.08 seconds
DEBUG 2025-07-22 15:33:54,740 middleware Logging visit for authenticated user: sampleuser
DEBUG 2025-07-22 15:33:54,755 middleware Incrementing visit count for 2025-07-22 to 4
DEBUG 2025-07-22 15:33:58,839 middleware Processing request for path: /logout/
DEBUG 2025-07-22 15:33:58,914 middleware Time spent on /logout/: 0.07 seconds
DEBUG 2025-07-22 15:33:58,915 middleware Logging visit for authenticated user: sampleuser
DEBUG 2025-07-22 15:33:58,930 middleware Incrementing visit count for 2025-07-22 to 5
DEBUG 2025-07-22 15:34:00,715 middleware Processing request for path: /login/
DEBUG 2025-07-22 15:34:00,836 middleware Time spent on /login/: 0.12 seconds
DEBUG 2025-07-22 15:34:00,845 middleware Incrementing visit count for 2025-07-22 to 6
DEBUG 2025-07-22 15:34:00,846 middleware Incrementing unique visitors to 2 for ip_127.0.0.1
DEBUG 2025-07-22 15:34:08,648 middleware Processing request for path: /login/
DEBUG 2025-07-22 15:34:09,760 middleware Time spent on /login/: 1.11 seconds
DEBUG 2025-07-22 15:34:09,760 middleware Logging visit for authenticated user: anisa2205
DEBUG 2025-07-22 15:34:09,774 middleware Incrementing visit count for 2025-07-22 to 7
DEBUG 2025-07-22 15:34:09,775 middleware Incrementing unique visitors to 3 for user_7
DEBUG 2025-07-22 15:34:09,818 middleware Processing request for path: /
DEBUG 2025-07-22 15:34:09,863 middleware Time spent on /: 0.04 seconds
DEBUG 2025-07-22 15:34:09,864 middleware Logging visit for authenticated user: anisa2205
DEBUG 2025-07-22 15:34:09,884 middleware Incrementing visit count for 2025-07-22 to 8
DEBUG 2025-07-22 15:34:13,218 middleware Processing request for path: /dashboard/
DEBUG 2025-07-22 15:34:13,266 middleware Time spent on /dashboard/: 0.05 seconds
DEBUG 2025-07-22 15:34:13,267 middleware Logging visit for authenticated user: anisa2205
DEBUG 2025-07-22 15:34:13,288 middleware Incrementing visit count for 2025-07-22 to 9
DEBUG 2025-07-22 15:34:37,719 middleware Processing request for path: /profile/
DEBUG 2025-07-22 15:34:37,825 middleware Time spent on /profile/: 0.11 seconds
DEBUG 2025-07-22 15:34:37,826 middleware Logging visit for authenticated user: anisa2205
DEBUG 2025-07-22 15:34:37,848 middleware Incrementing visit count for 2025-07-22 to 10
DEBUG 2025-07-22 15:35:23,052 middleware Processing request for path: /wishlist/
DEBUG 2025-07-22 15:35:23,130 middleware Time spent on /wishlist/: 0.08 seconds
DEBUG 2025-07-22 15:35:23,131 middleware Logging visit for authenticated user: anisa2205
DEBUG 2025-07-22 15:35:23,154 middleware Incrementing visit count for 2025-07-22 to 11
DEBUG 2025-07-22 15:35:54,152 middleware Processing request for path: /my-reviews/
DEBUG 2025-07-22 15:35:54,233 middleware Time spent on /my-reviews/: 0.08 seconds
DEBUG 2025-07-22 15:35:54,234 middleware Logging visit for authenticated user: anisa2205
DEBUG 2025-07-22 15:35:54,255 middleware Incrementing visit count for 2025-07-22 to 12
DEBUG 2025-07-22 15:36:09,267 middleware Processing request for path: /diy/
DEBUG 2025-07-22 15:36:09,317 middleware Time spent on /diy/: 0.05 seconds
DEBUG 2025-07-22 15:36:09,318 middleware Logging visit for authenticated user: anisa2205
DEBUG 2025-07-22 15:36:09,338 middleware Incrementing visit count for 2025-07-22 to 13
DEBUG 2025-07-22 15:38:39,271 middleware Processing request for path: /diy/
DEBUG 2025-07-22 15:38:39,326 middleware Time spent on /diy/: 0.05 seconds
DEBUG 2025-07-22 15:38:39,327 middleware Logging visit for authenticated user: anisa2205
DEBUG 2025-07-22 15:38:39,351 middleware Incrementing visit count for 2025-07-22 to 14
DEBUG 2025-07-22 15:38:41,724 middleware Processing request for path: /my-tutorials/
DEBUG 2025-07-22 15:38:41,800 middleware Time spent on /my-tutorials/: 0.08 seconds
DEBUG 2025-07-22 15:38:41,801 middleware Logging visit for authenticated user: anisa2205
DEBUG 2025-07-22 15:38:41,821 middleware Incrementing visit count for 2025-07-22 to 15
DEBUG 2025-07-22 15:38:43,442 middleware Processing request for path: /.well-known/appspecific/com.chrome.devtools.json
DEBUG 2025-07-22 15:38:43,452 middleware Time spent on /.well-known/appspecific/com.chrome.devtools.json: 0.01 seconds
DEBUG 2025-07-22 15:38:43,461 middleware Logging visit for authenticated user: anisa2205
DEBUG 2025-07-22 15:38:43,473 middleware Incrementing visit count for 2025-07-22 to 16
DEBUG 2025-07-22 15:39:59,928 middleware Processing request for path: /my-tutorials/
DEBUG 2025-07-22 15:39:59,942 middleware Time spent on /my-tutorials/: 0.01 seconds
DEBUG 2025-07-22 15:39:59,942 middleware Logging visit for authenticated user: anisa2205
DEBUG 2025-07-22 15:39:59,954 middleware Incrementing visit count for 2025-07-22 to 17
DEBUG 2025-07-22 15:40:00,806 middleware Processing request for path: /my-tutorials/
DEBUG 2025-07-22 15:40:00,821 middleware Time spent on /my-tutorials/: 0.01 seconds
DEBUG 2025-07-22 15:40:00,822 middleware Logging visit for authenticated user: anisa2205
DEBUG 2025-07-22 15:40:00,841 middleware Incrementing visit count for 2025-07-22 to 18
DEBUG 2025-07-22 15:40:01,506 middleware Processing request for path: /my-tutorials/
DEBUG 2025-07-22 15:40:01,521 middleware Time spent on /my-tutorials/: 0.02 seconds
DEBUG 2025-07-22 15:40:01,522 middleware Logging visit for authenticated user: anisa2205
DEBUG 2025-07-22 15:40:01,536 middleware Incrementing visit count for 2025-07-22 to 19
DEBUG 2025-07-22 15:40:09,703 middleware Processing request for path: /diy/
DEBUG 2025-07-22 15:40:09,750 middleware Time spent on /diy/: 0.05 seconds
DEBUG 2025-07-22 15:40:09,751 middleware Logging visit for authenticated user: anisa2205
DEBUG 2025-07-22 15:40:09,766 middleware Incrementing visit count for 2025-07-22 to 20
DEBUG 2025-07-22 15:40:21,727 middleware Processing request for path: /my-tutorials/
DEBUG 2025-07-22 15:40:21,749 middleware Time spent on /my-tutorials/: 0.02 seconds
DEBUG 2025-07-22 15:40:21,749 middleware Logging visit for authenticated user: anisa2205
DEBUG 2025-07-22 15:40:21,768 middleware Incrementing visit count for 2025-07-22 to 21
DEBUG 2025-07-22 15:41:02,008 middleware Processing request for path: /my-tutorials/
DEBUG 2025-07-22 15:41:02,017 middleware Time spent on /my-tutorials/: 0.01 seconds
DEBUG 2025-07-22 15:41:02,024 middleware Incrementing visit count for 2025-07-22 to 1
DEBUG 2025-07-22 15:41:02,049 middleware Processing request for path: /login/
DEBUG 2025-07-22 15:41:02,060 middleware Time spent on /login/: 0.01 seconds
DEBUG 2025-07-22 15:41:02,065 middleware Incrementing visit count for 2025-07-22 to 2
DEBUG 2025-07-22 15:41:08,482 middleware Processing request for path: /login/
DEBUG 2025-07-22 15:41:09,728 middleware Time spent on /login/: 1.25 seconds
DEBUG 2025-07-22 15:41:09,729 middleware Logging visit for authenticated user: anisa2205
DEBUG 2025-07-22 15:41:09,742 middleware Incrementing visit count for 2025-07-22 to 3
DEBUG 2025-07-22 15:41:09,790 middleware Processing request for path: /my-tutorials/
DEBUG 2025-07-22 15:41:09,829 middleware Time spent on /my-tutorials/: 0.04 seconds
DEBUG 2025-07-22 15:41:09,831 middleware Logging visit for authenticated user: anisa2205
DEBUG 2025-07-22 15:41:09,850 middleware Incrementing visit count for 2025-07-22 to 4
DEBUG 2025-07-22 15:42:03,153 middleware Processing request for path: /my-tutorials/
DEBUG 2025-07-22 15:42:03,196 middleware Time spent on /my-tutorials/: 0.04 seconds
DEBUG 2025-07-22 15:42:03,197 middleware Logging visit for authenticated user: anisa2205
DEBUG 2025-07-22 15:42:03,210 middleware Incrementing visit count for 2025-07-22 to 5
DEBUG 2025-07-22 15:42:15,121 middleware Processing request for path: /.well-known/appspecific/com.chrome.devtools.json
DEBUG 2025-07-22 15:42:15,138 middleware Time spent on /.well-known/appspecific/com.chrome.devtools.json: 0.02 seconds
DEBUG 2025-07-22 15:42:15,154 middleware Logging visit for authenticated user: anisa2205
DEBUG 2025-07-22 15:42:15,176 middleware Incrementing visit count for 2025-07-22 to 6
DEBUG 2025-07-22 15:42:58,554 middleware Processing request for path: /my-tutorials/
DEBUG 2025-07-22 15:42:58,591 middleware Time spent on /my-tutorials/: 0.04 seconds
DEBUG 2025-07-22 15:42:58,592 middleware Logging visit for authenticated user: anisa2205
DEBUG 2025-07-22 15:42:58,612 middleware Incrementing visit count for 2025-07-22 to 7
DEBUG 2025-07-22 15:42:58,668 middleware Processing request for path: /.well-known/appspecific/com.chrome.devtools.json
DEBUG 2025-07-22 15:42:58,677 middleware Time spent on /.well-known/appspecific/com.chrome.devtools.json: 0.01 seconds
DEBUG 2025-07-22 15:42:58,690 middleware Logging visit for authenticated user: anisa2205
DEBUG 2025-07-22 15:42:58,708 middleware Incrementing visit count for 2025-07-22 to 8
DEBUG 2025-07-22 15:43:05,107 middleware Processing request for path: /diy/homemade-beeswax-food-wraps-1/delete/
DEBUG 2025-07-22 15:43:05,177 middleware Time spent on /diy/homemade-beeswax-food-wraps-1/delete/: 0.07 seconds
DEBUG 2025-07-22 15:43:05,178 middleware Logging visit for authenticated user: anisa2205
DEBUG 2025-07-22 15:43:05,199 middleware Incrementing visit count for 2025-07-22 to 9
DEBUG 2025-07-22 15:43:06,468 middleware Processing request for path: /diy/homemade-beeswax-food-wraps-1/
DEBUG 2025-07-22 15:43:06,544 middleware Time spent on /diy/homemade-beeswax-food-wraps-1/: 0.08 seconds
DEBUG 2025-07-22 15:43:06,545 middleware Logging visit for authenticated user: anisa2205
DEBUG 2025-07-22 15:43:06,566 middleware Incrementing visit count for 2025-07-22 to 10
DEBUG 2025-07-22 15:43:15,133 middleware Processing request for path: /diy/homemade-beeswax-food-wraps-1/
DEBUG 2025-07-22 15:43:15,188 middleware Time spent on /diy/homemade-beeswax-food-wraps-1/: 0.05 seconds
DEBUG 2025-07-22 15:43:15,189 middleware Logging visit for authenticated user: anisa2205
DEBUG 2025-07-22 15:43:15,205 middleware Incrementing visit count for 2025-07-22 to 11
DEBUG 2025-07-22 15:43:17,182 middleware Processing request for path: /diy/
DEBUG 2025-07-22 15:43:17,229 middleware Time spent on /diy/: 0.05 seconds
DEBUG 2025-07-22 15:43:17,230 middleware Logging visit for authenticated user: anisa2205
DEBUG 2025-07-22 15:43:17,248 middleware Incrementing visit count for 2025-07-22 to 12
DEBUG 2025-07-22 15:43:20,550 middleware Processing request for path: /my-tutorials/
DEBUG 2025-07-22 15:43:20,580 middleware Time spent on /my-tutorials/: 0.03 seconds
DEBUG 2025-07-22 15:43:20,581 middleware Logging visit for authenticated user: anisa2205
DEBUG 2025-07-22 15:43:20,601 middleware Incrementing visit count for 2025-07-22 to 13
DEBUG 2025-07-22 15:44:22,133 middleware Processing request for path: /wishlist/
DEBUG 2025-07-22 15:44:22,169 middleware Time spent on /wishlist/: 0.03 seconds
DEBUG 2025-07-22 15:44:22,170 middleware Logging visit for authenticated user: anisa2205
DEBUG 2025-07-22 15:44:22,196 middleware Incrementing visit count for 2025-07-22 to 14
DEBUG 2025-07-22 15:44:57,945 middleware Processing request for path: /dashboard/
DEBUG 2025-07-22 15:44:57,977 middleware Time spent on /dashboard/: 0.03 seconds
DEBUG 2025-07-22 15:44:57,978 middleware Logging visit for authenticated user: anisa2205
DEBUG 2025-07-22 15:44:57,993 middleware Incrementing visit count for 2025-07-22 to 15
DEBUG 2025-07-22 15:45:09,939 middleware Processing request for path: /profile/
DEBUG 2025-07-22 15:45:09,980 middleware Time spent on /profile/: 0.04 seconds
DEBUG 2025-07-22 15:45:09,981 middleware Logging visit for authenticated user: anisa2205
DEBUG 2025-07-22 15:45:09,996 middleware Incrementing visit count for 2025-07-22 to 16
DEBUG 2025-07-22 15:45:14,802 middleware Processing request for path: /.well-known/appspecific/com.chrome.devtools.json
DEBUG 2025-07-22 15:45:14,808 middleware Time spent on /.well-known/appspecific/com.chrome.devtools.json: 0.00 seconds
DEBUG 2025-07-22 15:45:14,814 middleware Logging visit for authenticated user: anisa2205
DEBUG 2025-07-22 15:45:14,827 middleware Incrementing visit count for 2025-07-22 to 17
DEBUG 2025-07-22 15:45:57,784 middleware Processing request for path: /profile/
DEBUG 2025-07-22 15:45:57,803 middleware Time spent on /profile/: 0.02 seconds
DEBUG 2025-07-22 15:45:57,803 middleware Logging visit for authenticated user: anisa2205
DEBUG 2025-07-22 15:45:57,818 middleware Incrementing visit count for 2025-07-22 to 18
DEBUG 2025-07-22 15:46:03,285 middleware Processing request for path: /profile/
DEBUG 2025-07-22 15:46:03,309 middleware Time spent on /profile/: 0.02 seconds
DEBUG 2025-07-22 15:46:03,309 middleware Logging visit for authenticated user: anisa2205
DEBUG 2025-07-22 15:46:03,320 middleware Incrementing visit count for 2025-07-22 to 19
DEBUG 2025-07-22 15:52:17,444 middleware Processing request for path: /my-tutorials/
DEBUG 2025-07-22 15:52:17,483 middleware Time spent on /my-tutorials/: 0.04 seconds
DEBUG 2025-07-22 15:52:17,484 middleware Logging visit for authenticated user: anisa2205
DEBUG 2025-07-22 15:52:17,506 middleware Incrementing visit count for 2025-07-22 to 20
DEBUG 2025-07-22 15:52:18,619 middleware Processing request for path: /diy/new/
DEBUG 2025-07-22 15:52:18,708 middleware Time spent on /diy/new/: 0.09 seconds
DEBUG 2025-07-22 15:52:18,708 middleware Logging visit for authenticated user: anisa2205
DEBUG 2025-07-22 15:52:18,720 middleware Incrementing visit count for 2025-07-22 to 21
DEBUG 2025-07-22 15:54:15,441 middleware Processing request for path: /products/
DEBUG 2025-07-22 15:54:15,660 middleware Time spent on /products/: 0.22 seconds
DEBUG 2025-07-22 15:54:15,661 middleware Logging visit for authenticated user: anisa2205
DEBUG 2025-07-22 15:54:15,677 middleware Incrementing visit count for 2025-07-22 to 22
DEBUG 2025-07-22 15:54:15,778 middleware Processing request for path: /media/products/2025/07/16/compostable-trash-bags.jpg
DEBUG 2025-07-22 15:54:15,779 middleware Processing request for path: /media/products/2025/07/16/wool-dryer-balls.jpg
DEBUG 2025-07-22 15:54:15,780 middleware Skipping tracking for excluded path: /media/products/2025/07/16/compostable-trash-bags.jpg
DEBUG 2025-07-22 15:54:15,781 middleware Skipping tracking for excluded path: /media/products/2025/07/16/wool-dryer-balls.jpg
DEBUG 2025-07-22 15:54:15,782 middleware Processing request for path: /media/products/2025/07/16/all-purpose-cleaner-concentrate.jpg
DEBUG 2025-07-22 15:54:15,786 middleware Processing request for path: /media/products/2025/07/16/natural-loofah-sponge.jpg
DEBUG 2025-07-22 15:54:15,791 middleware Processing request for path: /media/products/2025/07/16/organic-cotton-towels.jpg
DEBUG 2025-07-22 15:54:15,792 middleware Skipping tracking for excluded path: /media/products/2025/07/16/all-purpose-cleaner-concentrate.jpg
DEBUG 2025-07-22 15:54:15,792 middleware Skipping tracking for excluded path: /media/products/2025/07/16/natural-loofah-sponge.jpg
DEBUG 2025-07-22 15:54:15,794 middleware Skipping tracking for excluded path: /media/products/2025/07/16/organic-cotton-towels.jpg
DEBUG 2025-07-22 15:54:15,796 middleware Processing request for path: /media/products/2025/07/16/bamboo-toothbrush.jpg
DEBUG 2025-07-22 15:54:15,802 middleware Skipping tracking for excluded path: /media/products/2025/07/16/bamboo-toothbrush.jpg
DEBUG 2025-07-22 15:54:17,525 middleware Processing request for path: /products/led-light-bulbs-4-pack/
DEBUG 2025-07-22 15:54:17,621 middleware Time spent on /products/led-light-bulbs-4-pack/: 0.10 seconds
DEBUG 2025-07-22 15:54:17,622 middleware Logging visit for authenticated user: anisa2205
DEBUG 2025-07-22 15:54:17,638 middleware Incrementing visit count for 2025-07-22 to 23
DEBUG 2025-07-22 15:57:59,098 middleware Processing request for path: /my-tutorials/
DEBUG 2025-07-22 15:57:59,123 middleware Time spent on /my-tutorials/: 0.03 seconds
DEBUG 2025-07-22 15:57:59,125 middleware Logging visit for authenticated user: anisa2205
DEBUG 2025-07-22 15:57:59,150 middleware Incrementing visit count for 2025-07-22 to 24
DEBUG 2025-07-22 15:58:00,506 middleware Processing request for path: /diy/homemade-beeswax-food-wraps-1/delete/
DEBUG 2025-07-22 15:58:00,531 middleware Time spent on /diy/homemade-beeswax-food-wraps-1/delete/: 0.02 seconds
DEBUG 2025-07-22 15:58:00,532 middleware Logging visit for authenticated user: anisa2205
DEBUG 2025-07-22 15:58:00,553 middleware Incrementing visit count for 2025-07-22 to 25
DEBUG 2025-07-22 15:58:33,106 middleware Processing request for path: /diy/homemade-beeswax-food-wraps-1/delete/
DEBUG 2025-07-22 15:58:33,147 middleware Time spent on /diy/homemade-beeswax-food-wraps-1/delete/: 0.04 seconds
DEBUG 2025-07-22 15:58:33,148 middleware Logging visit for authenticated user: anisa2205
DEBUG 2025-07-22 15:58:33,168 middleware Incrementing visit count for 2025-07-22 to 26
DEBUG 2025-07-22 15:58:33,194 middleware Processing request for path: /diy/
DEBUG 2025-07-22 15:58:33,256 middleware Time spent on /diy/: 0.06 seconds
DEBUG 2025-07-22 15:58:33,257 middleware Logging visit for authenticated user: anisa2205
DEBUG 2025-07-22 15:58:33,278 middleware Incrementing visit count for 2025-07-22 to 27
DEBUG 2025-07-22 15:58:36,329 middleware Processing request for path: /history/
DEBUG 2025-07-22 15:58:36,423 middleware Time spent on /history/: 0.09 seconds
DEBUG 2025-07-22 15:58:36,424 middleware Logging visit for authenticated user: anisa2205
DEBUG 2025-07-22 15:58:36,446 middleware Incrementing visit count for 2025-07-22 to 28
DEBUG 2025-07-22 15:58:39,067 middleware Processing request for path: /my-reviews/
DEBUG 2025-07-22 15:58:39,103 middleware Time spent on /my-reviews/: 0.04 seconds
DEBUG 2025-07-22 15:58:39,104 middleware Logging visit for authenticated user: anisa2205
DEBUG 2025-07-22 15:58:39,133 middleware Incrementing visit count for 2025-07-22 to 29
DEBUG 2025-07-22 15:58:48,053 middleware Processing request for path: /wishlist/
DEBUG 2025-07-22 15:58:48,091 middleware Time spent on /wishlist/: 0.04 seconds
DEBUG 2025-07-22 15:58:48,092 middleware Logging visit for authenticated user: anisa2205
DEBUG 2025-07-22 15:58:48,114 middleware Incrementing visit count for 2025-07-22 to 30
DEBUG 2025-07-22 15:58:50,600 middleware Processing request for path: /products/solar-garden-lights/
DEBUG 2025-07-22 15:58:50,674 middleware Time spent on /products/solar-garden-lights/: 0.07 seconds
DEBUG 2025-07-22 15:58:50,675 middleware Logging visit for authenticated user: anisa2205
DEBUG 2025-07-22 15:58:50,694 middleware Incrementing visit count for 2025-07-22 to 31
DEBUG 2025-07-22 16:07:47,094 middleware Processing request for path: /products/
DEBUG 2025-07-22 16:07:47,278 middleware Time spent on /products/: 0.18 seconds
DEBUG 2025-07-22 16:07:47,279 middleware Logging visit for authenticated user: anisa2205
DEBUG 2025-07-22 16:07:47,296 middleware Incrementing visit count for 2025-07-22 to 32
DEBUG 2025-07-22 16:08:55,139 middleware Processing request for path: /
DEBUG 2025-07-22 16:08:55,187 middleware Time spent on /: 0.05 seconds
DEBUG 2025-07-22 16:08:55,188 middleware Logging visit for authenticated user: anisa2205
DEBUG 2025-07-22 16:08:55,208 middleware Incrementing visit count for 2025-07-22 to 33
DEBUG 2025-07-22 16:09:00,180 middleware Processing request for path: /products/
DEBUG 2025-07-22 16:09:00,368 middleware Time spent on /products/: 0.19 seconds
DEBUG 2025-07-22 16:09:00,369 middleware Logging visit for authenticated user: anisa2205
DEBUG 2025-07-22 16:09:00,385 middleware Incrementing visit count for 2025-07-22 to 34
DEBUG 2025-07-22 16:09:02,996 middleware Processing request for path: /diy/
DEBUG 2025-07-22 16:09:03,043 middleware Time spent on /diy/: 0.05 seconds
DEBUG 2025-07-22 16:09:03,044 middleware Logging visit for authenticated user: anisa2205
DEBUG 2025-07-22 16:09:03,073 middleware Incrementing visit count for 2025-07-22 to 35
DEBUG 2025-07-22 16:09:07,466 middleware Processing request for path: /diy/
DEBUG 2025-07-22 16:09:07,505 middleware Time spent on /diy/: 0.04 seconds
DEBUG 2025-07-22 16:09:07,507 middleware Logging visit for authenticated user: anisa2205
DEBUG 2025-07-22 16:09:07,535 middleware Incrementing visit count for 2025-07-22 to 36
DEBUG 2025-07-22 16:09:08,333 middleware Processing request for path: /diy/new/
DEBUG 2025-07-22 16:09:08,365 middleware Time spent on /diy/new/: 0.03 seconds
DEBUG 2025-07-22 16:09:08,366 middleware Logging visit for authenticated user: anisa2205
DEBUG 2025-07-22 16:09:08,393 middleware Incrementing visit count for 2025-07-22 to 37
DEBUG 2025-07-22 16:09:11,362 middleware Processing request for path: /diy/
DEBUG 2025-07-22 16:09:11,385 middleware Time spent on /diy/: 0.02 seconds
DEBUG 2025-07-22 16:09:11,386 middleware Logging visit for authenticated user: anisa2205
DEBUG 2025-07-22 16:09:11,402 middleware Incrementing visit count for 2025-07-22 to 38
DEBUG 2025-07-22 16:09:12,810 middleware Processing request for path: /diy/
DEBUG 2025-07-22 16:09:12,864 middleware Time spent on /diy/: 0.05 seconds
DEBUG 2025-07-22 16:09:12,867 middleware Logging visit for authenticated user: anisa2205
DEBUG 2025-07-22 16:09:12,890 middleware Incrementing visit count for 2025-07-22 to 39
DEBUG 2025-07-22 16:09:13,224 middleware Processing request for path: /resources/
DEBUG 2025-07-22 16:09:13,261 middleware Time spent on /resources/: 0.04 seconds
DEBUG 2025-07-22 16:09:13,262 middleware Logging visit for authenticated user: anisa2205
DEBUG 2025-07-22 16:09:13,290 middleware Incrementing visit count for 2025-07-22 to 40
DEBUG 2025-07-22 16:09:16,665 middleware Processing request for path: /contact/
DEBUG 2025-07-22 16:09:16,796 middleware Time spent on /contact/: 0.13 seconds
DEBUG 2025-07-22 16:09:16,797 middleware Logging visit for authenticated user: anisa2205
DEBUG 2025-07-22 16:09:16,819 middleware Incrementing visit count for 2025-07-22 to 41
DEBUG 2025-07-22 16:09:21,091 middleware Processing request for path: /profile/
DEBUG 2025-07-22 16:09:21,156 middleware Time spent on /profile/: 0.06 seconds
DEBUG 2025-07-22 16:09:21,157 middleware Logging visit for authenticated user: anisa2205
DEBUG 2025-07-22 16:09:21,186 middleware Incrementing visit count for 2025-07-22 to 42
DEBUG 2025-07-22 16:09:27,170 middleware Processing request for path: /profile/
DEBUG 2025-07-22 16:09:27,217 middleware Time spent on /profile/: 0.05 seconds
DEBUG 2025-07-22 16:09:27,218 middleware Logging visit for authenticated user: anisa2205
DEBUG 2025-07-22 16:09:27,241 middleware Incrementing visit count for 2025-07-22 to 43
DEBUG 2025-07-22 16:09:29,850 middleware Processing request for path: /profile/edit/
DEBUG 2025-07-22 16:09:29,871 middleware Time spent on /profile/edit/: 0.02 seconds
DEBUG 2025-07-22 16:09:29,872 middleware Logging visit for authenticated user: anisa2205
DEBUG 2025-07-22 16:09:29,896 middleware Incrementing visit count for 2025-07-22 to 44
DEBUG 2025-07-22 16:09:34,700 middleware Processing request for path: /profile/edit/
DEBUG 2025-07-22 16:09:34,720 middleware Time spent on /profile/edit/: 0.02 seconds
DEBUG 2025-07-22 16:09:34,721 middleware Logging visit for authenticated user: anisa2205
DEBUG 2025-07-22 16:09:34,744 middleware Incrementing visit count for 2025-07-22 to 45
DEBUG 2025-07-22 16:09:37,817 middleware Processing request for path: /my-reviews/
DEBUG 2025-07-22 16:09:37,843 middleware Time spent on /my-reviews/: 0.03 seconds
DEBUG 2025-07-22 16:09:37,844 middleware Logging visit for authenticated user: anisa2205
DEBUG 2025-07-22 16:09:37,869 middleware Incrementing visit count for 2025-07-22 to 46
DEBUG 2025-07-22 16:09:47,692 middleware Processing request for path: /products/solar-garden-lights/
DEBUG 2025-07-22 16:09:47,740 middleware Time spent on /products/solar-garden-lights/: 0.05 seconds
DEBUG 2025-07-22 16:09:47,740 middleware Logging visit for authenticated user: anisa2205
DEBUG 2025-07-22 16:09:47,754 middleware Incrementing visit count for 2025-07-22 to 47
DEBUG 2025-07-22 16:09:49,325 middleware Processing request for path: /wishlist/toggle/13/
DEBUG 2025-07-22 16:09:49,363 middleware Time spent on /wishlist/toggle/13/: 0.04 seconds
DEBUG 2025-07-22 16:09:49,364 middleware Logging visit for authenticated user: anisa2205
DEBUG 2025-07-22 16:09:49,383 middleware Incrementing visit count for 2025-07-22 to 48
DEBUG 2025-07-22 16:09:49,429 middleware Processing request for path: /products/
DEBUG 2025-07-22 16:09:49,524 middleware Time spent on /products/: 0.09 seconds
DEBUG 2025-07-22 16:09:49,525 middleware Logging visit for authenticated user: anisa2205
DEBUG 2025-07-22 16:09:49,533 middleware Incrementing visit count for 2025-07-22 to 49
DEBUG 2025-07-22 16:09:52,314 middleware Processing request for path: /history/
DEBUG 2025-07-22 16:09:52,338 middleware Time spent on /history/: 0.02 seconds
DEBUG 2025-07-22 16:09:52,339 middleware Logging visit for authenticated user: anisa2205
DEBUG 2025-07-22 16:09:52,362 middleware Incrementing visit count for 2025-07-22 to 50
DEBUG 2025-07-22 16:09:55,212 middleware Processing request for path: /my-reviews/
DEBUG 2025-07-22 16:09:55,236 middleware Time spent on /my-reviews/: 0.02 seconds
DEBUG 2025-07-22 16:09:55,237 middleware Logging visit for authenticated user: anisa2205
DEBUG 2025-07-22 16:09:55,246 middleware Incrementing visit count for 2025-07-22 to 51
DEBUG 2025-07-22 16:09:57,272 middleware Processing request for path: /products/organic-seeds-pack/
DEBUG 2025-07-22 16:09:57,337 middleware Time spent on /products/organic-seeds-pack/: 0.06 seconds
DEBUG 2025-07-22 16:09:57,338 middleware Logging visit for authenticated user: anisa2205
DEBUG 2025-07-22 16:09:57,356 middleware Incrementing visit count for 2025-07-22 to 52
DEBUG 2025-07-22 16:11:23,506 middleware Processing request for path: /products/organic-seeds-pack/
DEBUG 2025-07-22 16:11:23,614 middleware Time spent on /products/organic-seeds-pack/: 0.11 seconds
DEBUG 2025-07-22 16:11:23,615 middleware Logging visit for authenticated user: anisa2205
DEBUG 2025-07-22 16:11:23,640 middleware Incrementing visit count for 2025-07-22 to 53
DEBUG 2025-07-22 16:11:32,685 middleware Processing request for path: /wishlist/toggle/12/
DEBUG 2025-07-22 16:11:32,722 middleware Time spent on /wishlist/toggle/12/: 0.04 seconds
DEBUG 2025-07-22 16:11:32,723 middleware Logging visit for authenticated user: anisa2205
DEBUG 2025-07-22 16:11:32,748 middleware Incrementing visit count for 2025-07-22 to 54
DEBUG 2025-07-22 16:11:32,783 middleware Processing request for path: /products/
DEBUG 2025-07-22 16:11:32,988 middleware Time spent on /products/: 0.20 seconds
DEBUG 2025-07-22 16:11:32,990 middleware Logging visit for authenticated user: anisa2205
DEBUG 2025-07-22 16:11:33,013 middleware Incrementing visit count for 2025-07-22 to 55
DEBUG 2025-07-22 16:11:36,312 middleware Processing request for path: /history/
DEBUG 2025-07-22 16:11:36,348 middleware Time spent on /history/: 0.04 seconds
DEBUG 2025-07-22 16:11:36,350 middleware Logging visit for authenticated user: anisa2205
DEBUG 2025-07-22 16:11:36,375 middleware Incrementing visit count for 2025-07-22 to 56
DEBUG 2025-07-22 16:11:40,567 middleware Processing request for path: /profile/
DEBUG 2025-07-22 16:11:40,640 middleware Time spent on /profile/: 0.07 seconds
DEBUG 2025-07-22 16:11:40,641 middleware Logging visit for authenticated user: anisa2205
DEBUG 2025-07-22 16:11:40,668 middleware Incrementing visit count for 2025-07-22 to 57
DEBUG 2025-07-22 16:11:41,827 middleware Processing request for path: /profile/edit/
DEBUG 2025-07-22 16:11:41,861 middleware Time spent on /profile/edit/: 0.03 seconds
DEBUG 2025-07-22 16:11:41,863 middleware Logging visit for authenticated user: anisa2205
DEBUG 2025-07-22 16:11:41,887 middleware Incrementing visit count for 2025-07-22 to 58
DEBUG 2025-07-22 16:12:33,767 middleware VisitLogMiddleware initialized
DEBUG 2025-07-22 16:12:58,056 middleware Processing request for path: /profile/edit/
DEBUG 2025-07-22 16:12:58,232 middleware Time spent on /profile/edit/: 0.17 seconds
DEBUG 2025-07-22 16:12:58,234 middleware Logging visit for authenticated user: anisa2205
DEBUG 2025-07-22 16:12:58,255 middleware Incrementing visit count for 2025-07-22 to 59
DEBUG 2025-07-22 16:14:06,530 middleware Processing request for path: /profile/edit/
DEBUG 2025-07-22 16:14:06,751 middleware Time spent on /profile/edit/: 0.22 seconds
DEBUG 2025-07-22 16:14:06,752 middleware Logging visit for authenticated user: anisa2205
DEBUG 2025-07-22 16:14:06,763 middleware Incrementing visit count for 2025-07-22 to 60
DEBUG 2025-07-22 16:14:06,780 middleware Processing request for path: /profile/
DEBUG 2025-07-22 16:14:06,855 middleware Time spent on /profile/: 0.07 seconds
DEBUG 2025-07-22 16:14:06,857 middleware Logging visit for authenticated user: anisa2205
DEBUG 2025-07-22 16:14:06,879 middleware Incrementing visit count for 2025-07-22 to 61
DEBUG 2025-07-22 16:14:10,760 middleware Processing request for path: /profile/edit/
DEBUG 2025-07-22 16:14:10,793 middleware Time spent on /profile/edit/: 0.03 seconds
DEBUG 2025-07-22 16:14:10,794 middleware Logging visit for authenticated user: anisa2205
DEBUG 2025-07-22 16:14:10,830 middleware Incrementing visit count for 2025-07-22 to 62
DEBUG 2025-07-22 16:14:12,470 middleware Processing request for path: /password-reset/
DEBUG 2025-07-22 16:14:12,490 middleware Time spent on /password-reset/: 0.02 seconds
DEBUG 2025-07-22 16:14:12,491 middleware Logging visit for authenticated user: anisa2205
DEBUG 2025-07-22 16:14:12,517 middleware Incrementing visit count for 2025-07-22 to 63
